Arguments: 
  /usr/local/bin/node /usr/local/Cellar/yarn/1.3.2/libexec/bin/yarn.js add axios

PATH: 
  /usr/local/bin:/usr/bin:/bin:/usr/sbin:/sbin:/opt/ImageMagick/bin

Yarn version: 
  1.3.2

Node version: 
  9.3.0

Platform: 
  darwin x64

npm manifest: 
  {
    "name": "react201901",
    "version": "1.0.0",
    "description": "",
    "main": "index.js",
    "scripts": {
      "test": "echo \"Error: no test specified\" && exit 1",
      "build": "webpack --config webpack.config.pro.js --process",
      "watch": "webpack --config webpack.config.pro.js -w",
      "start": "webpack-dev-server --config webpack.config.dev.js"
    },
    "keywords": [],
    "author": "",
    "license": "ISC",
    "devDependencies": {
      "@babel/core": "^7.2.2",
      "@babel/plugin-transform-runtime": "^7.2.0",
      "@babel/preset-env": "^7.3.1",
      "@babel/preset-react": "^7.0.0",
      "babel-loader": "^8.0.5",
      "babel-plugin-import": "^1.11.0",
      "clean-webpack-plugin": "^1.0.0",
      "css-loader": "^2.1.0",
      "html-webpack-plugin": "^3.2.0",
      "less-loader": "^4.1.0",
      "style-loader": "^0.23.1",
      "webpack": "^4.28.4",
      "webpack-cli": "^3.2.1",
      "webpack-dev-server": "^3.1.14",
      "webpack-merge": "^4.2.1"
    },
    "dependencies": {
      "@babel/polyfill": "^7.2.5",
      "@babel/runtime": "^7.3.1",
      "@rematch/core": "^1.0.6",
      "antd": "^3.13.0",
      "axios": "^0.18.0",
      "file-loader": "^3.0.1",
      "react": "^16.7.0",
      "react-dom": "^16.7.0",
      "react-image-lightbox-rotate-fixed": "^1.2.3",
      "react-loadable": "^5.5.0",
      "react-redux": "^6.0.0",
      "react-router-dom": "^4.3.1"
    },
    "sideEffects": [
      "*.css"
    ]
  }

yarn manifest: 
  No manifest

Lockfile: 
  No lockfile

Trace: 
  Error: https://registry.yarnpkg.com/antd/-/antd-3.16.3.tgz: ENOENT: no such file or directory, utime '/Users/zl/Library/Caches/Yarn/v1/npm-antd-3.16.3-66ecdbd96a31e2a4d239106a106b17629beaa141/dist/antd.css'
